<?xml version="1.0" encoding="UTF-8"?>
<!-- Generated by org.testng.reporters.JUnitReportReporter -->
<testsuite hostname="DESKTOP-40MCHP3" failures="0" tests="2" name="tests.FoodyTest.TC002" time="3.858" errors="1" timestamp="28 Sep 2022 11:11:05 GMT" skipped="1">
  <testcase classname="tests.FoodyTest.TC002" name="TC002" time="0.000">
    <skipped/>
  </testcase> <!-- TC002 -->
  <testcase classname="tests.FoodyTest.TC002" name="beforeTest" time="3.858">
    <error message="Cannot invoke &quot;org.openqa.selenium.remote.RemoteWebDriver.get(String)&quot; because the return value of &quot;driver.DriverManager.getDriver()&quot; is null" type="java.lang.NullPointerException">
      <![CDATA[java.lang.NullPointerException: Cannot invoke "org.openqa.selenium.remote.RemoteWebDriver.get(String)" because the return value of "driver.DriverManager.getDriver()" is null
at driver.DriverManager.openToPage(DriverManager.java:73)
at tests.TestBase.beforeTest(TestBase.java:16)
at java.base/jdk.internal.reflect.NativeMethodAccessorImpl.invoke0(Native Method)
at java.base/jdk.internal.reflect.NativeMethodAccessorImpl.invoke(NativeMethodAccessorImpl.java:77)
at java.base/jdk.internal.reflect.DelegatingMethodAccessorImpl.invoke(DelegatingMethodAccessorImpl.java:43)
at java.base/java.lang.reflect.Method.invoke(Method.java:568)
at org.testng.internal.MethodInvocationHelper.invokeMethod(MethodInvocationHelper.java:124)
at org.testng.internal.MethodInvocationHelper.invokeMethodConsideringTimeout(MethodInvocationHelper.java:59)
at org.testng.internal.Invoker.invokeConfigurationMethod(Invoker.java:458)
at org.testng.internal.Invoker.invokeConfigurations(Invoker.java:222)
at org.testng.internal.Invoker.invokeMethod(Invoker.java:523)
at org.testng.internal.Invoker.invokeTestMethod(Invoker.java:719)
at org.testng.internal.Invoker.invokeTestMethods(Invoker.java:989)
at org.testng.internal.TestMethodWorker.invokeTestMethods(TestMethodWorker.java:125)
at org.testng.internal.TestMethodWorker.run(TestMethodWorker.java:109)
at java.base/java.util.concurrent.ThreadPoolExecutor.runWorker(ThreadPoolExecutor.java:1136)
at java.base/java.util.concurrent.ThreadPoolExecutor$Worker.run(ThreadPoolExecutor.java:635)
at java.base/java.lang.Thread.run(Thread.java:833)
]]>
    </error>
  </testcase> <!-- beforeTest -->
</testsuite> <!-- tests.FoodyTest.TC002 -->
